<?xml version="1.0" encoding="UTF-8"?>
<?xml-stylesheet type="text/xsl" href="https://www.santiness.com/wp-sitemap.xsl" ?>
<urlset xmlns="http://www.sitemaps.org/schemas/sitemap/0.9"><url><loc>https://www.santiness.com/neque-porro-quisquam-est-qui-dolorem-ipsum-quia-dolor-sit-amet-consectetur</loc><lastmod>2024-07-30T09:00:45+00:00</lastmod></url><url><loc>https://www.santiness.com/lorem-ipsum-dolor-sit-amet-consectetur-adipiscing-elit</loc><lastmod>2024-07-30T08:58:12+00:00</lastmod></url><url><loc>https://www.santiness.com/curabitur-ut-vehicula-quam-in-eleifend-dolor</loc><lastmod>2024-07-30T08:55:27+00:00</lastmod></url><url><loc>https://www.santiness.com/vivamus-efficitur-lacus-in-ligula-congue-dapibus</loc><lastmod>2024-07-30T08:54:55+00:00</lastmod></url><url><loc>https://www.santiness.com/donec-at-lacus-a-libero-finibus-tempor-at-id-turpis</loc><lastmod>2024-07-30T08:54:28+00:00</lastmod></url><url><loc>https://www.santiness.com/ut-tincidunt-risus-justo-ac-fermentum-sapien-semper-in</loc><lastmod>2024-07-30T08:53:49+00:00</lastmod></url></urlset>
